[T 17:29:45 743662] CodeQL CLI version 2.11.0
[T 17:29:45 743662] Initializing tracer.
[T 17:29:45 743662] Initialising tags...
[T 17:29:45 743662] ID set to 00000000000B58EE_0000000000000001 (parent root)
[T 17:29:45 743662] Initializing tracer.
[T 17:29:45 743662] Initialising tags...
[T 17:29:45 743662] ID set to 00000000000B58EE_0000000000000002 (parent root)
[T 17:29:45 743662] Warning: SEMMLE_EXEC and SEMMLE_EXECP not set. Falling back to path lookup on argv[0].
[T 17:29:45 743662] ==== Candidate to intercept: /home/pingjui/codeql/tools/linux64/runner-linux (canonical: /home/pingjui/codeql/tools/linux64/runner-linux) ====
[T 17:29:45 743662] Executing the following tracer actions:
[T 17:29:45 743662] Tracer actions:
[T 17:29:45 743662] pre_invocations(0)
[T 17:29:45 743662] post_invocations(0)
[T 17:29:45 743662] trace_languages(1): [cpp]
[T 17:29:45 743662] Initializing tracer.
[T 17:29:45 743662] Initialising tags...
[T 17:29:45 743662] ID set to 00000000000B58EE_0000000000000003 (parent 00000000000B58EE_0000000000000002)
[T 17:29:45 743662] ==== Candidate to intercept: make (canonical: make) ====
[T 17:29:45 743662] Will try to resolve make in path /home/pingjui/.local/bin:/home/pingjui/bin:/home/pingjui/.local/bin:/home/pingjui/bin:/usr/local/sbin:/usr/local/bin:/usr/sbin:/usr/bin:/sbin:/bin:/usr/games:/usr/local/games:/snap/bin:/snap/bin:/home/pingjui/bin:/home/pingjui/bin:/home/pingjui/retdec/bin:/home/pingjui/bin:/home/pingjui/bin:/home/pingjui/retdec/bin:/home/pingjui/codeql:/home/pingjui/bin:/home/pingjui/bin:/home/pingjui/retdec/bin:/home/pingjui/codeql.
[T 17:29:45 743662]  -> path lookup for make as /home/pingjui/.local/bin/make...
[T 17:29:45 743662]  -> path lookup for make as /home/pingjui/bin/make...
[T 17:29:45 743662]  -> path lookup for make as /home/pingjui/.local/bin/make...
[T 17:29:45 743662]  -> path lookup for make as /home/pingjui/bin/make...
[T 17:29:45 743662]  -> path lookup for make as /usr/local/sbin/make...
[T 17:29:45 743662]  -> path lookup for make as /usr/local/bin/make...
[T 17:29:45 743662]  -> path lookup for make as /usr/sbin/make...
[T 17:29:45 743662]  -> path lookup for make as /usr/bin/make...
[T 17:29:45 743662] Resolved barename make to /usr/bin/make
[T 17:29:45 743662] Executing the following tracer actions:
[T 17:29:45 743662] Tracer actions:
[T 17:29:45 743662] pre_invocations(0)
[T 17:29:45 743662] post_invocations(0)
[T 17:29:45 743662] trace_languages(1): [cpp]
