[2022-10-02 17:29:45] This is codeql database create rootdb -l=cpp -c=make -s .
[2022-10-02 17:29:45] Log file was started late.
[2022-10-02 17:29:45] [PROGRESS] database create> Initializing database at /home/pingjui/CodeQLPlayground/mydb/rootdb.
[2022-10-02 17:29:45] Running plumbing command: codeql database init --language=cpp --source-root=/home/pingjui/CodeQLPlayground/mydb --allow-missing-source-root=false --allow-already-existing -- /home/pingjui/CodeQLPlayground/mydb/rootdb
[2022-10-02 17:29:45] [PROGRESS] database init> Counting lines of code in /home/pingjui/CodeQLPlayground/mydb
[2022-10-02 17:29:45] [PROGRESS] database init> Resolving extractor cpp.
[2022-10-02 17:29:45] Calling plumbing command: codeql resolve languages --format=json
[2022-10-02 17:29:45] [DETAILS] resolve languages> Scanning for [codeql-extractor.yml] from /home/pingjui/codeql/.codeqlmanifest.json
[2022-10-02 17:29:45] [DETAILS] resolve languages> Parsing /home/pingjui/codeql/html/codeql-extractor.yml.
[2022-10-02 17:29:45] [DETAILS] resolve languages> Parsing /home/pingjui/codeql/csharp/codeql-extractor.yml.
[2022-10-02 17:29:45] [DETAILS] resolve languages> Parsing /home/pingjui/codeql/java/codeql-extractor.yml.
[2022-10-02 17:29:45] [DETAILS] resolve languages> Parsing /home/pingjui/codeql/csv/codeql-extractor.yml.
[2022-10-02 17:29:45] [DETAILS] resolve languages> Parsing /home/pingjui/codeql/ruby/codeql-extractor.yml.
[2022-10-02 17:29:45] [DETAILS] resolve languages> Parsing /home/pingjui/codeql/cpp/codeql-extractor.yml.
[2022-10-02 17:29:45] [DETAILS] resolve languages> Parsing /home/pingjui/codeql/javascript/codeql-extractor.yml.
[2022-10-02 17:29:45] [DETAILS] resolve languages> Parsing /home/pingjui/codeql/go/codeql-extractor.yml.
[2022-10-02 17:29:45] [DETAILS] resolve languages> Parsing /home/pingjui/codeql/properties/codeql-extractor.yml.
[2022-10-02 17:29:45] [DETAILS] resolve languages> Parsing /home/pingjui/codeql/python/codeql-extractor.yml.
[2022-10-02 17:29:45] [DETAILS] resolve languages> Parsing /home/pingjui/codeql/xml/codeql-extractor.yml.
[2022-10-02 17:29:45] Plumbing command codeql resolve languages completed:
                      {
                        "extractors" : {
                          "html" : [
                            {
                              "extractor_root" : "/home/pingjui/codeql/html"
                            }
                          ],
                          "csharp" : [
                            {
                              "extractor_root" : "/home/pingjui/codeql/csharp",
                              "extractor_options" : {
                                "trap" : {
                                  "title" : "Options pertaining to TRAP.",
                                  "description" : "Options pertaining to TRAP.",
                                  "type" : "object",
                                  "properties" : {
                                    "compression" : {
                                      "title" : "Controls compression for the TRAP files written by the extractor.",
                                      "description" : "This option is only intended for use in debugging the extractor. Accepted values are 'brotli' (the default, to write brotli-compressed TRAP), 'gzip', and 'none' (to write uncompressed TRAP).\n",
                                      "type" : "string",
                                      "pattern" : "^(none|gzip|brotli)$"
                                    }
                                  }
                                },
                                "buildless" : {
                                  "title" : "Whether to use buildless (standalone) extraction.",
                                  "description" : "A value indicating, which type of extraction the autobuilder should perform. If 'true', then the standalone extractor will be used, otherwise tracing extraction will be performed. The default is 'false'. Note that buildless extraction will generally yield less accurate analysis results, and should only be used in cases where it is not possible to build the code (for example if it uses inaccessible dependencies).\n",
                                  "type" : "string",
                                  "pattern" : "^(false|true)$"
                                },
                                "cil" : {
                                  "title" : "Whether to enable CIL extraction.",
                                  "description" : "A value indicating, whether CIL extraction should be enabled. The default is 'true'.\n",
                                  "type" : "string",
                                  "pattern" : "^(false|true)$"
                                }
                              }
                            }
                          ],
                          "java" : [
                            {
                              "extractor_root" : "/home/pingjui/codeql/java",
                              "extractor_options" : {
                                "exclude" : {
                                  "title" : "A glob excluding files from analysis.",
                                  "description" : "A glob indicating what files to exclude from the analysis.\n",
                                  "type" : "string"
                                }
                              }
                            }
                          ],
                          "csv" : [
                            {
                              "extractor_root" : "/home/pingjui/codeql/csv"
                            }
                          ],
                          "ruby" : [
                            {
                              "extractor_root" : "/home/pingjui/codeql/ruby"
                            }
                          ],
                          "cpp" : [
                            {
                              "extractor_root" : "/home/pingjui/codeql/cpp"
                            }
                          ],
                          "javascript" : [
                            {
                              "extractor_root" : "/home/pingjui/codeql/javascript",
                              "extractor_options" : { }
                            }
                          ],
                          "go" : [
                            {
                              "extractor_root" : "/home/pingjui/codeql/go"
                            }
                          ],
                          "properties" : [
                            {
                              "extractor_root" : "/home/pingjui/codeql/properties"
                            }
                          ],
                          "python" : [
                            {
                              "extractor_root" : "/home/pingjui/codeql/python"
                            }
                          ],
                          "xml" : [
                            {
                              "extractor_root" : "/home/pingjui/codeql/xml"
                            }
                          ]
                        }
                      }
[2022-10-02 17:29:45] [DETAILS] database init> Found candidate extractor root for cpp: /home/pingjui/codeql/cpp.
[2022-10-02 17:29:45] [PROGRESS] database init> Successfully loaded extractor C/C++ (cpp) from /home/pingjui/codeql/cpp.
[2022-10-02 17:29:45] [PROGRESS] database init> Created skeleton CodeQL database at /home/pingjui/CodeQLPlayground/mydb/rootdb. This in-progress database is ready to be populated by an extractor.
[2022-10-02 17:29:45] Plumbing command codeql database init completed.
[2022-10-02 17:29:45] [PROGRESS] database create> Running build command: [make]
[2022-10-02 17:29:45] Running plumbing command: codeql database trace-command --working-dir=/home/pingjui/CodeQLPlayground/mydb --index-traceless-dbs --no-db-cluster -- /home/pingjui/CodeQLPlayground/mydb/rootdb make
[2022-10-02 17:29:45] [PROGRESS] database trace-command> Running command in /home/pingjui/CodeQLPlayground/mydb: [make]
[2022-10-02 17:29:45] [build-stderr] make: *** No targets specified and no makefile found.  Stop.
[2022-10-02 17:29:45] [ERROR] Spawned process exited abnormally (code 2; tried to run: [/home/pingjui/codeql/tools/linux64/preload_tracer, make])
[2022-10-02 17:29:45] Exception caught at top level: Exit status 2 from command: [make]
                      com.semmle.cli2.database.DatabaseProcessCommandCommon.executeSubcommand(DatabaseProcessCommandCommon.java:215)
                      com.semmle.cli2.database.TraceCommandCommand.executeSubcommand(TraceCommandCommand.java:85)
                      com.semmle.cli2.picocli.PlumbingRunner.run(PlumbingRunner.java:110)
                      com.semmle.cli2.picocli.SubcommandCommon.runPlumbingInProcess(SubcommandCommon.java:169)
                      com.semmle.cli2.database.CreateCommand.executeSubcommand(CreateCommand.java:151)
                      com.semmle.cli2.picocli.SubcommandCommon.call(SubcommandCommon.java:512)
                      com.semmle.cli2.picocli.SubcommandMaker.runMain(SubcommandMaker.java:223)
                      com.semmle.cli2.picocli.SubcommandMaker.runMain(SubcommandMaker.java:232)
                      com.semmle.cli2.CodeQL.main(CodeQL.java:98)
