[2022-10-02 20:08:39] This is codeql database analyze . --format=csv --output=./result example.ql --download
[2022-10-02 20:08:39] Log file was started late.
[2022-10-02 20:08:39] [DETAILS] database analyze> Downloading queries...
[2022-10-02 20:08:39] Running plumbing command: codeql pack download --format json -- example.ql
[2022-10-02 20:08:39] [PROGRESS] pack download> Package specifications to check for download: example.ql
[2022-10-02 20:08:39] Calling plumbing command: codeql resolve queries --qlconfig-file=/home/pingjui/CodeQLPlayground/mydb/qlconfig.yml --format installedpacks example.ql
[2022-10-02 20:08:40] Plumbing command codeql resolve queries completed:
                      {
                        "installedPacks" : [ ]
                      }
[2022-10-02 20:08:40] [PROGRESS] pack download> Did not need to download any packs.
[2022-10-02 20:08:40] Plumbing command codeql pack download completed.
[2022-10-02 20:08:40] [PROGRESS] database analyze> Running queries.
[2022-10-02 20:08:40] Running plumbing command: codeql database run-queries --evaluator-log-level=5 --insecurely-execute-ml-model-checksums= --warnings=show --qlconfig-file=/home/pingjui/CodeQLPlayground/mydb/qlconfig.yml --no-rerun -- /home/pingjui/CodeQLPlayground/mydb example.ql
[2022-10-02 20:08:40] Calling plumbing command: codeql resolve ram --format=json
[2022-10-02 20:08:40] Plumbing command codeql resolve ram completed:
                      [
                        "-J-Xmx2470M",
                        "--off-heap-ram=2470"
                      ]
[2022-10-02 20:08:40] Spawning plumbing command: execute queries -J-Xmx2470M --off-heap-ram=2470 --verbosity=progress --logdir=/home/pingjui/CodeQLPlayground/mydb/log --evaluator-log-level=5 --insecurely-execute-ml-model-checksums= --warnings=show --qlconfig-file=/home/pingjui/CodeQLPlayground/mydb/qlconfig.yml --no-rerun --output=/home/pingjui/CodeQLPlayground/mydb/results -- /home/pingjui/CodeQLPlayground/mydb/db-cpp example.ql
[2022-10-02 20:08:41] [ERROR] Spawned process exited abnormally (code 2; tried to run: [/home/pingjui/codeql/tools/linux64/java/bin/java, -Xmx2470M, -Djava.library.path=/usr/java/packages/lib:/usr/lib64:/lib64:/lib:/usr/lib, -cp, /home/pingjui/codeql/tools/codeql.jar, com.semmle.cli2.CodeQL, env_argv, execute, queries, -J-Xmx2470M, _, _, _, _, _, _, _, --no-rerun, _, --, /home/pingjui/CodeQLPlayground/mydb/db-cpp, example.ql])
[2022-10-02 20:08:41] Plumbing command codeql execute queries terminated with status 2.
[2022-10-02 20:08:41] Plumbing command codeql database run-queries completed with status 2.
[2022-10-02 20:08:41] Exiting with code 2
