[2022-10-02 20:06:18] This is codeql database analyze . --format=csv --output=./result mydb/example.ql --download
[2022-10-02 20:06:18] Log file was started late.
[2022-10-02 20:06:18] [DETAILS] database analyze> Downloading queries...
[2022-10-02 20:06:18] Running plumbing command: codeql pack download --format json -- mydb/example.ql
[2022-10-02 20:06:18] [PROGRESS] pack download> Package specifications to check for download: mydb/example.ql
[2022-10-02 20:06:18] Calling plumbing command: codeql resolve queries --qlconfig-file=/home/pingjui/CodeQLPlayground/mydb/qlconfig.yml --format installedpacks mydb/example.ql
[2022-10-02 20:06:18] Exception caught at top level: mydb/example.ql is not a .ql file, .qls file, a directory, or a query pack specification.
                      com.semmle.cli2.resolve.ResolveQueriesCommand.resolveQuerySpecifier(ResolveQueriesCommand.java:262)
                      com.semmle.cli2.resolve.ResolveQueriesCommand.executeJSON(ResolveQueriesCommand.java:195)
                      com.semmle.cli2.resolve.ResolveQueriesCommand.executeJSON(ResolveQueriesCommand.java:71)
                      com.semmle.cli2.picocli.SimpleJsonSubcommand.executeInsistingOnJSON(SimpleJsonSubcommand.java:117)
                      com.semmle.cli2.picocli.PlumbingRunner.call(PlumbingRunner.java:54)
                      com.semmle.cli2.picocli.SubcommandCommon.callPlumbingInProcess(SubcommandCommon.java:133)
                      com.semmle.cli2.pack.PackDownloadCommand.locatePacks(PackDownloadCommand.java:150)
                      com.semmle.cli2.pack.PackDownloadCommand.executeJSON(PackDownloadCommand.java:101)
                      com.semmle.cli2.pack.PackDownloadCommand.executeJSON(PackDownloadCommand.java:41)
                      com.semmle.cli2.picocli.SimpleJsonSubcommand.executeInsistingOnJSON(SimpleJsonSubcommand.java:117)
                      com.semmle.cli2.picocli.SimpleJsonSubcommand.executeSubcommand(SimpleJsonSubcommand.java:80)
                      com.semmle.cli2.picocli.PlumbingRunner.run(PlumbingRunner.java:110)
                      com.semmle.cli2.picocli.SubcommandCommon.runPlumbingInProcess(SubcommandCommon.java:169)
                      com.semmle.cli2.database.AnalyzeCommand.downloadQueries(AnalyzeCommand.java:126)
                      com.semmle.cli2.database.AnalyzeCommand.executeSubcommand(AnalyzeCommand.java:82)
                      com.semmle.cli2.picocli.SubcommandCommon.call(SubcommandCommon.java:512)
                      com.semmle.cli2.picocli.SubcommandMaker.runMain(SubcommandMaker.java:223)
                      com.semmle.cli2.picocli.SubcommandMaker.runMain(SubcommandMaker.java:232)
                      com.semmle.cli2.CodeQL.main(CodeQL.java:98)
