[2022-10-02 20:05:22] This is codeql database analyze ./mydb --format=csv --output=./result mydb/example.ql --download
[2022-10-02 20:05:22] Log file was started late.
[2022-10-02 20:05:22] [DETAILS] database analyze> Downloading queries...
[2022-10-02 20:05:22] Running plumbing command: codeql pack download --format json -- mydb/example.ql
[2022-10-02 20:05:22] [PROGRESS] pack download> Package specifications to check for download: mydb/example.ql
[2022-10-02 20:05:22] Calling plumbing command: codeql resolve queries --qlconfig-file=/home/pingjui/CodeQLPlayground/qlconfig.yml --format installedpacks mydb/example.ql
[2022-10-02 20:05:22] Plumbing command codeql resolve queries completed:
                      {
                        "installedPacks" : [ ]
                      }
[2022-10-02 20:05:22] [PROGRESS] pack download> Did not need to download any packs.
[2022-10-02 20:05:22] Plumbing command codeql pack download completed.
[2022-10-02 20:05:22] [PROGRESS] database analyze> Running queries.
[2022-10-02 20:05:23] Running plumbing command: codeql database run-queries --evaluator-log-level=5 --insecurely-execute-ml-model-checksums= --warnings=show --qlconfig-file=/home/pingjui/CodeQLPlayground/qlconfig.yml --no-rerun -- /home/pingjui/CodeQLPlayground/mydb mydb/example.ql
[2022-10-02 20:05:23] Calling plumbing command: codeql resolve ram --format=json
[2022-10-02 20:05:23] Plumbing command codeql resolve ram completed:
                      [
                        "-J-Xmx2470M",
                        "--off-heap-ram=2470"
                      ]
[2022-10-02 20:05:23] Spawning plumbing command: execute queries -J-Xmx2470M --off-heap-ram=2470 --verbosity=progress --logdir=/home/pingjui/CodeQLPlayground/mydb/log --evaluator-log-level=5 --insecurely-execute-ml-model-checksums= --warnings=show --qlconfig-file=/home/pingjui/CodeQLPlayground/qlconfig.yml --no-rerun --output=/home/pingjui/CodeQLPlayground/mydb/results -- /home/pingjui/CodeQLPlayground/mydb/db-cpp mydb/example.ql
[2022-10-02 20:05:24] [ERROR] Spawned process exited abnormally (code 2; tried to run: [/home/pingjui/codeql/tools/linux64/java/bin/java, -Xmx2470M, -Djava.library.path=/usr/java/packages/lib:/usr/lib64:/lib64:/lib:/usr/lib, -cp, /home/pingjui/codeql/tools/codeql.jar, com.semmle.cli2.CodeQL, env_argv, execute, queries, -J-Xmx2470M, _, _, _, _, _, _, _, --no-rerun, _, --, /home/pingjui/CodeQLPlayground/mydb/db-cpp, mydb/example.ql])
[2022-10-02 20:05:24] Plumbing command codeql execute queries terminated with status 2.
[2022-10-02 20:05:24] Plumbing command codeql database run-queries completed with status 2.
[2022-10-02 20:05:24] Exiting with code 2
