[2022-10-02 17:27:57] This is codeql database create mydb -l=cpp -c=make -s ./bufovfl
[2022-10-02 17:27:57] Log file was started late.
[2022-10-02 17:27:57] [PROGRESS] database create> Initializing database at /home/pingjui/CodeQLPlayground/mydb.
[2022-10-02 17:27:57] Running plumbing command: codeql database init --language=cpp --source-root=/home/pingjui/CodeQLPlayground/bufovfl --allow-missing-source-root=false --allow-already-existing -- /home/pingjui/CodeQLPlayground/mydb
[2022-10-02 17:27:57] [PROGRESS] database init> Counting lines of code in /home/pingjui/CodeQLPlayground/bufovfl
[2022-10-02 17:27:57] [PROGRESS] database init> Resolving extractor cpp.
[2022-10-02 17:27:57] Calling plumbing command: codeql resolve languages --format=json
[2022-10-02 17:27:57] [DETAILS] resolve languages> Scanning for [codeql-extractor.yml] from /home/pingjui/codeql/.codeqlmanifest.json
[2022-10-02 17:27:57] [DETAILS] resolve languages> Parsing /home/pingjui/codeql/html/codeql-extractor.yml.
[2022-10-02 17:27:57] [DETAILS] resolve languages> Parsing /home/pingjui/codeql/csharp/codeql-extractor.yml.
[2022-10-02 17:27:57] [DETAILS] resolve languages> Parsing /home/pingjui/codeql/java/codeql-extractor.yml.
[2022-10-02 17:27:57] [DETAILS] resolve languages> Parsing /home/pingjui/codeql/csv/codeql-extractor.yml.
[2022-10-02 17:27:57] [DETAILS] resolve languages> Parsing /home/pingjui/codeql/ruby/codeql-extractor.yml.
[2022-10-02 17:27:57] [DETAILS] resolve languages> Parsing /home/pingjui/codeql/cpp/codeql-extractor.yml.
[2022-10-02 17:27:57] [DETAILS] resolve languages> Parsing /home/pingjui/codeql/javascript/codeql-extractor.yml.
[2022-10-02 17:27:57] [DETAILS] resolve languages> Parsing /home/pingjui/codeql/go/codeql-extractor.yml.
[2022-10-02 17:27:57] [DETAILS] resolve languages> Parsing /home/pingjui/codeql/properties/codeql-extractor.yml.
[2022-10-02 17:27:57] [DETAILS] resolve languages> Parsing /home/pingjui/codeql/python/codeql-extractor.yml.
[2022-10-02 17:27:57] [DETAILS] resolve languages> Parsing /home/pingjui/codeql/xml/codeql-extractor.yml.
[2022-10-02 17:27:57] Plumbing command codeql resolve languages completed:
                      {
                        "extractors" : {
                          "html" : [
                            {
                              "extractor_root" : "/home/pingjui/codeql/html"
                            }
                          ],
                          "csharp" : [
                            {
                              "extractor_root" : "/home/pingjui/codeql/csharp",
                              "extractor_options" : {
                                "trap" : {
                                  "title" : "Options pertaining to TRAP.",
                                  "description" : "Options pertaining to TRAP.",
                                  "type" : "object",
                                  "properties" : {
                                    "compression" : {
                                      "title" : "Controls compression for the TRAP files written by the extractor.",
                                      "description" : "This option is only intended for use in debugging the extractor. Accepted values are 'brotli' (the default, to write brotli-compressed TRAP), 'gzip', and 'none' (to write uncompressed TRAP).\n",
                                      "type" : "string",
                                      "pattern" : "^(none|gzip|brotli)$"
                                    }
                                  }
                                },
                                "buildless" : {
                                  "title" : "Whether to use buildless (standalone) extraction.",
                                  "description" : "A value indicating, which type of extraction the autobuilder should perform. If 'true', then the standalone extractor will be used, otherwise tracing extraction will be performed. The default is 'false'. Note that buildless extraction will generally yield less accurate analysis results, and should only be used in cases where it is not possible to build the code (for example if it uses inaccessible dependencies).\n",
                                  "type" : "string",
                                  "pattern" : "^(false|true)$"
                                },
                                "cil" : {
                                  "title" : "Whether to enable CIL extraction.",
                                  "description" : "A value indicating, whether CIL extraction should be enabled. The default is 'true'.\n",
                                  "type" : "string",
                                  "pattern" : "^(false|true)$"
                                }
                              }
                            }
                          ],
                          "java" : [
                            {
                              "extractor_root" : "/home/pingjui/codeql/java",
                              "extractor_options" : {
                                "exclude" : {
                                  "title" : "A glob excluding files from analysis.",
                                  "description" : "A glob indicating what files to exclude from the analysis.\n",
                                  "type" : "string"
                                }
                              }
                            }
                          ],
                          "csv" : [
                            {
                              "extractor_root" : "/home/pingjui/codeql/csv"
                            }
                          ],
                          "ruby" : [
                            {
                              "extractor_root" : "/home/pingjui/codeql/ruby"
                            }
                          ],
                          "cpp" : [
                            {
                              "extractor_root" : "/home/pingjui/codeql/cpp"
                            }
                          ],
                          "javascript" : [
                            {
                              "extractor_root" : "/home/pingjui/codeql/javascript",
                              "extractor_options" : { }
                            }
                          ],
                          "go" : [
                            {
                              "extractor_root" : "/home/pingjui/codeql/go"
                            }
                          ],
                          "properties" : [
                            {
                              "extractor_root" : "/home/pingjui/codeql/properties"
                            }
                          ],
                          "python" : [
                            {
                              "extractor_root" : "/home/pingjui/codeql/python"
                            }
                          ],
                          "xml" : [
                            {
                              "extractor_root" : "/home/pingjui/codeql/xml"
                            }
                          ]
                        }
                      }
[2022-10-02 17:27:57] [DETAILS] database init> Found candidate extractor root for cpp: /home/pingjui/codeql/cpp.
[2022-10-02 17:27:57] [PROGRESS] database init> Successfully loaded extractor C/C++ (cpp) from /home/pingjui/codeql/cpp.
[2022-10-02 17:27:57] [PROGRESS] database init> Created skeleton CodeQL database at /home/pingjui/CodeQLPlayground/mydb. This in-progress database is ready to be populated by an extractor.
[2022-10-02 17:27:57] Plumbing command codeql database init completed.
[2022-10-02 17:27:57] [PROGRESS] database create> Running build command: [make]
[2022-10-02 17:27:57] Running plumbing command: codeql database trace-command --working-dir=/home/pingjui/CodeQLPlayground/bufovfl --index-traceless-dbs --no-db-cluster -- /home/pingjui/CodeQLPlayground/mydb make
[2022-10-02 17:27:57] [PROGRESS] database trace-command> Running command in /home/pingjui/CodeQLPlayground/bufovfl: [make]
[2022-10-02 17:27:57] [build-stdout] cc -o fgets.exe fgets.c
[2022-10-02 17:27:57] [build-stderr] fgets.c: In function ‘main’:
[2022-10-02 17:27:57] [build-stderr] fgets.c:7:11: warning: initialization of ‘int’ from ‘char *’ makes integer from pointer without a cast [-Wint-conversion]
[2022-10-02 17:27:57] [build-stderr]     7 |   int r = fgets(buf, 40, stdin);
[2022-10-02 17:27:57] [build-stderr]       |           ^~~~~
[2022-10-02 17:27:57] [build-stderr] fgets.c:7:11: warning: ‘fgets’ writing 40 bytes into a region of size 20 overflows the destination [-Wstringop-overflow=]
[2022-10-02 17:27:57] [build-stderr]     7 |   int r = fgets(buf, 40, stdin);
[2022-10-02 17:27:57] [build-stderr]       |           ^~~~~~~~~~~~~~~~~~~~~
[2022-10-02 17:27:57] [build-stderr] fgets.c:6:8: note: destination object ‘buf’ of size 20
[2022-10-02 17:27:57] [build-stderr]     6 |   char buf[20];
[2022-10-02 17:27:57] [build-stderr]       |        ^~~
[2022-10-02 17:27:57] [build-stderr] In file included from fgets.c:1:
[2022-10-02 17:27:57] [build-stderr] /usr/include/stdio.h:592:14: note: in a call to function ‘fgets’ declared with attribute ‘access (write_only, 1, 2)’
[2022-10-02 17:27:57] [build-stderr]   592 | extern char *fgets (char *__restrict __s, int __n, FILE *__restrict __stream)
[2022-10-02 17:27:57] [build-stderr]       |              ^~~~~
[2022-10-02 17:27:58] [build-stdout] cc -o read.exe read.c
[2022-10-02 17:27:58] [build-stderr] read.c: In function ‘main’:
[2022-10-02 17:27:58] [build-stderr] read.c:10:5: warning: implicit declaration of function ‘exit’ [-Wimplicit-function-declaration]
[2022-10-02 17:27:58] [build-stderr]    10 |     exit(-1);
[2022-10-02 17:27:58] [build-stderr]       |     ^~~~
[2022-10-02 17:27:58] [build-stderr] read.c:3:1: note: include ‘<stdlib.h>’ or provide a declaration of ‘exit’
[2022-10-02 17:27:58] [build-stderr]     2 | #include <unistd.h>
[2022-10-02 17:27:58] [build-stderr]   +++ |+#include <stdlib.h>
[2022-10-02 17:27:58] [build-stderr]     3 | 
[2022-10-02 17:27:58] [build-stderr] read.c:10:5: warning: incompatible implicit declaration of built-in function ‘exit’ [-Wbuiltin-declaration-mismatch]
[2022-10-02 17:27:58] [build-stderr]    10 |     exit(-1);
[2022-10-02 17:27:58] [build-stderr]       |     ^~~~
[2022-10-02 17:27:58] [build-stderr] read.c:10:5: note: include ‘<stdlib.h>’ or provide a declaration of ‘exit’
[2022-10-02 17:27:58] [build-stderr] read.c:7:15: warning: ‘read’ writing 40 bytes into a region of size 20 overflows the destination [-Wstringop-overflow=]
[2022-10-02 17:27:58] [build-stderr]     7 |   ssize_t r = read(0, buf, 40);
[2022-10-02 17:27:58] [build-stderr]       |               ^~~~~~~~~~~~~~~~
[2022-10-02 17:27:58] [build-stderr] read.c:6:8: note: destination object ‘buf’ of size 20
[2022-10-02 17:27:58] [build-stderr]     6 |   char buf[20];
[2022-10-02 17:27:58] [build-stderr]       |        ^~~
[2022-10-02 17:27:58] [build-stderr] In file included from read.c:2:
[2022-10-02 17:27:58] [build-stderr] /usr/include/unistd.h:371:16: note: in a call to function ‘read’ declared with attribute ‘access (write_only, 2, 3)’
[2022-10-02 17:27:58] [build-stderr]   371 | extern ssize_t read (int __fd, void *__buf, size_t __nbytes) __wur
[2022-10-02 17:27:58] [build-stderr]       |                ^~~~
[2022-10-02 17:27:58] [build-stdout] cc -o strcpy.exe strcpy.c
[2022-10-02 17:27:58] [build-stdout] cc -o memcpy.exe memcpy.c
[2022-10-02 17:27:58] Plumbing command codeql database trace-command completed.
[2022-10-02 17:27:58] [PROGRESS] database create> Finalizing database at /home/pingjui/CodeQLPlayground/mydb.
[2022-10-02 17:27:58] Running plumbing command: codeql database finalize --mode=normal --no-db-cluster -- /home/pingjui/CodeQLPlayground/mydb
[2022-10-02 17:27:58] [PROGRESS] database finalize> Running TRAP import for CodeQL database at /home/pingjui/CodeQLPlayground/mydb...
[2022-10-02 17:27:58] Running plumbing command: codeql dataset import --dbscheme=/home/pingjui/codeql/cpp/semmlecode.cpp.dbscheme -- /home/pingjui/CodeQLPlayground/mydb/db-cpp /home/pingjui/CodeQLPlayground/mydb/trap/cpp
[2022-10-02 17:27:58] Clearing disk cache since the version file /home/pingjui/CodeQLPlayground/mydb/db-cpp/default/cache/version does not exist
[2022-10-02 17:27:58] Tuple pool not found. Clearing relations with cached strings
[2022-10-02 17:27:58] Trimming disk cache at /home/pingjui/CodeQLPlayground/mydb/db-cpp/default/cache in mode brutal.
[2022-10-02 17:27:58] Sequence stamp origin is -6403809644453727614
[2022-10-02 17:27:58] Pausing evaluation to hard-clear memory at sequence stamp o+0
[2022-10-02 17:27:58] Unpausing evaluation
[2022-10-02 17:27:58] Pausing evaluation to quickly trim disk at sequence stamp o+1
[2022-10-02 17:27:58] Unpausing evaluation
[2022-10-02 17:27:58] Pausing evaluation to zealously trim disk at sequence stamp o+2
[2022-10-02 17:27:58] Unpausing evaluation
[2022-10-02 17:27:58] Trimming completed (9ms): Purged everything.
[2022-10-02 17:27:58] Scanning for files in /home/pingjui/CodeQLPlayground/mydb/trap/cpp
[2022-10-02 17:27:58] Grouping TRAPs by link target
[2022-10-02 17:27:58] Scanning cpp_predefined.acb19af8.trap (fgets.c.a337b8af_0.trap.tar.br) (1 of 86)
[2022-10-02 17:27:58] Scanning wordsize.h.0a5d81b3.trap (fgets.c.a337b8af_0.trap.tar.br) (2 of 86)
[2022-10-02 17:27:58] Scanning timesize.h.78ece2f3.trap (fgets.c.a337b8af_0.trap.tar.br) (3 of 86)
[2022-10-02 17:27:58] Scanning features-time64.h.eb8654d3.trap (fgets.c.a337b8af_0.trap.tar.br) (4 of 86)
[2022-10-02 17:27:58] Scanning stdc-predef.h.3efb7735.trap (fgets.c.a337b8af_0.trap.tar.br) (5 of 86)
[2022-10-02 17:27:58] Scanning long-double.h.c86d65af.trap (fgets.c.a337b8af_0.trap.tar.br) (6 of 86)
[2022-10-02 17:27:58] Scanning cdefs.h.850eb89d.trap (fgets.c.a337b8af_0.trap.tar.br) (7 of 86)
[2022-10-02 17:27:58] Scanning stubs-64.h.3efb7735.trap (fgets.c.a337b8af_0.trap.tar.br) (8 of 86)
[2022-10-02 17:27:58] Scanning stubs.h.d28181f8.trap (fgets.c.a337b8af_0.trap.tar.br) (9 of 86)
[2022-10-02 17:27:58] Scanning features.h.458fe91b.trap (fgets.c.a337b8af_0.trap.tar.br) (10 of 86)
[2022-10-02 17:27:58] Scanning libc-header-start.h.cc896cb0.trap (fgets.c.a337b8af_0.trap.tar.br) (11 of 86)
[2022-10-02 17:27:58] Scanning stddef.h.70326e3e.trap (fgets.c.a337b8af_0.trap.tar.br) (12 of 86)
[2022-10-02 17:27:58] Scanning stdarg.h.d060dbdc.trap (fgets.c.a337b8af_0.trap.tar.br) (13 of 86)
[2022-10-02 17:27:58] Scanning typesizes.h.710fd7d4.trap (fgets.c.a337b8af_0.trap.tar.br) (14 of 86)
[2022-10-02 17:27:58] Scanning time64.h.90f79421.trap (fgets.c.a337b8af_0.trap.tar.br) (15 of 86)
[2022-10-02 17:27:58] Scanning types.h.69f94cfe.trap (fgets.c.a337b8af_0.trap.tar.br) (16 of 86)
[2022-10-02 17:27:58] Scanning __mbstate_t.h.ce8652d1.trap (fgets.c.a337b8af_0.trap.tar.br) (17 of 86)
[2022-10-02 17:27:58] Scanning __fpos_t.h.cb3e0523.trap (fgets.c.a337b8af_0.trap.tar.br) (18 of 86)
[2022-10-02 17:27:58] Scanning __fpos64_t.h.c87d7bdd.trap (fgets.c.a337b8af_0.trap.tar.br) (19 of 86)
[2022-10-02 17:27:58] Scanning __FILE.h.916d4b36.trap (fgets.c.a337b8af_0.trap.tar.br) (20 of 86)
[2022-10-02 17:27:58] Scanning FILE.h.ab31225d.trap (fgets.c.a337b8af_0.trap.tar.br) (21 of 86)
[2022-10-02 17:27:58] Scanning struct_FILE.h.3b259277.trap (fgets.c.a337b8af_0.trap.tar.br) (22 of 86)
[2022-10-02 17:27:58] Scanning stdio_lim.h.13612fda.trap (fgets.c.a337b8af_0.trap.tar.br) (23 of 86)
[2022-10-02 17:27:58] Scanning floatn-common.h.96e47938.trap (fgets.c.a337b8af_0.trap.tar.br) (24 of 86)
[2022-10-02 17:27:58] Scanning floatn.h.f7d2b38f.trap (fgets.c.a337b8af_0.trap.tar.br) (25 of 86)
[2022-10-02 17:27:58] Scanning stdio.h.d6cd1384.trap (fgets.c.a337b8af_0.trap.tar.br) (26 of 86)
[2022-10-02 17:27:58] Scanning libc-header-start.h.e0bbe926.trap (fgets.c.a337b8af_0.trap.tar.br) (27 of 86)
[2022-10-02 17:27:58] Scanning stddef.h.1a772e84.trap (fgets.c.a337b8af_0.trap.tar.br) (28 of 86)
[2022-10-02 17:27:58] Scanning waitflags.h.1b48d6ee.trap (fgets.c.a337b8af_0.trap.tar.br) (29 of 86)
[2022-10-02 17:27:58] Scanning waitstatus.h.139f2cad.trap (fgets.c.a337b8af_0.trap.tar.br) (30 of 86)
[2022-10-02 17:27:58] Scanning clock_t.h.d57b4bd7.trap (fgets.c.a337b8af_0.trap.tar.br) (31 of 86)
[2022-10-02 17:27:58] Scanning clockid_t.h.4f4e2e61.trap (fgets.c.a337b8af_0.trap.tar.br) (32 of 86)
[2022-10-02 17:27:58] Scanning time_t.h.f53f57c9.trap (fgets.c.a337b8af_0.trap.tar.br) (33 of 86)
[2022-10-02 17:27:58] Scanning timer_t.h.39506049.trap (fgets.c.a337b8af_0.trap.tar.br) (34 of 86)
[2022-10-02 17:27:58] Scanning stddef.h.cc90f6ca.trap (fgets.c.a337b8af_0.trap.tar.br) (35 of 86)
[2022-10-02 17:27:58] Scanning stdint-intn.h.3a2bc0a5.trap (fgets.c.a337b8af_0.trap.tar.br) (36 of 86)
[2022-10-02 17:27:58] Scanning endianness.h.91b0a2c0.trap (fgets.c.a337b8af_0.trap.tar.br) (37 of 86)
[2022-10-02 17:27:58] Scanning endian.h.197889e3.trap (fgets.c.a337b8af_0.trap.tar.br) (38 of 86)
[2022-10-02 17:27:58] Scanning byteswap.h.112b2e56.trap (fgets.c.a337b8af_0.trap.tar.br) (39 of 86)
[2022-10-02 17:27:58] Scanning uintn-identity.h.bf65810a.trap (fgets.c.a337b8af_0.trap.tar.br) (40 of 86)
[2022-10-02 17:27:58] Scanning endian.h.489873db.trap (fgets.c.a337b8af_0.trap.tar.br) (41 of 86)
[2022-10-02 17:27:58] Scanning select.h.11da5468.trap (fgets.c.a337b8af_0.trap.tar.br) (42 of 86)
[2022-10-02 17:27:58] Scanning __sigset_t.h.58b82540.trap (fgets.c.a337b8af_0.trap.tar.br) (43 of 86)
[2022-10-02 17:27:58] Scanning sigset_t.h.f286b014.trap (fgets.c.a337b8af_0.trap.tar.br) (44 of 86)
[2022-10-02 17:27:58] Scanning struct_timeval.h.2fb39bfe.trap (fgets.c.a337b8af_0.trap.tar.br) (45 of 86)
[2022-10-02 17:27:58] Scanning struct_timespec.h.c0002776.trap (fgets.c.a337b8af_0.trap.tar.br) (46 of 86)
[2022-10-02 17:27:58] Scanning select.h.93647398.trap (fgets.c.a337b8af_0.trap.tar.br) (47 of 86)
[2022-10-02 17:27:58] Scanning pthreadtypes-arch.h.47e558dd.trap (fgets.c.a337b8af_0.trap.tar.br) (48 of 86)
[2022-10-02 17:27:58] Scanning atomic_wide_counter.h.dfdb9965.trap (fgets.c.a337b8af_0.trap.tar.br) (49 of 86)
[2022-10-02 17:27:58] Scanning struct_mutex.h.bdae4b9a.trap (fgets.c.a337b8af_0.trap.tar.br) (50 of 86)
[2022-10-02 17:27:58] Scanning struct_rwlock.h.5550c404.trap (fgets.c.a337b8af_0.trap.tar.br) (51 of 86)
[2022-10-02 17:27:58] Scanning thread-shared-types.h.d0536326.trap (fgets.c.a337b8af_0.trap.tar.br) (52 of 86)
[2022-10-02 17:27:58] Scanning pthreadtypes.h.a8b3fea0.trap (fgets.c.a337b8af_0.trap.tar.br) (53 of 86)
[2022-10-02 17:27:58] Scanning types.h.0beb36df.trap (fgets.c.a337b8af_0.trap.tar.br) (54 of 86)
[2022-10-02 17:27:58] Scanning stddef.h.98fed657.trap (fgets.c.a337b8af_0.trap.tar.br) (55 of 86)
[2022-10-02 17:27:58] Scanning alloca.h.48011224.trap (fgets.c.a337b8af_0.trap.tar.br) (56 of 86)
[2022-10-02 17:27:58] Scanning stdlib-float.h.dddd8e34.trap (fgets.c.a337b8af_0.trap.tar.br) (57 of 86)
[2022-10-02 17:27:58] Scanning stdlib.h.a1099a6f.trap (fgets.c.a337b8af_0.trap.tar.br) (58 of 86)
[2022-10-02 17:27:58] Scanning fgets.c.a337b8af.trap (fgets.c.a337b8af_0.trap.tar.br) (59 of 86)
[2022-10-02 17:27:58] Scanning memcpy.c.1926d281.trap (memcpy.c.1926d281_0.trap.tar.br) (60 of 86)
[2022-10-02 17:27:58] Scanning posix_opt.h.654dbadc.trap (read.c.3429eb5e_0.trap.tar.br) (61 of 86)
[2022-10-02 17:27:58] Scanning environments.h.aa8f16d7.trap (read.c.3429eb5e_0.trap.tar.br) (62 of 86)
[2022-10-02 17:27:58] Scanning stddef.h.34e4296c.trap (read.c.3429eb5e_0.trap.tar.br) (63 of 86)
[2022-10-02 17:27:58] Scanning confname.h.2d59853b.trap (read.c.3429eb5e_0.trap.tar.br) (64 of 86)
[2022-10-02 17:27:58] Scanning getopt_core.h.c6e43d85.trap (read.c.3429eb5e_0.trap.tar.br) (65 of 86)
[2022-10-02 17:27:58] Scanning getopt_posix.h.1649395c.trap (read.c.3429eb5e_0.trap.tar.br) (66 of 86)
[2022-10-02 17:27:58] Scanning unistd_ext.h.d7e24265.trap (read.c.3429eb5e_0.trap.tar.br) (67 of 86)
[2022-10-02 17:27:58] Scanning unistd.h.4246a2d4.trap (read.c.3429eb5e_0.trap.tar.br) (68 of 86)
[2022-10-02 17:27:58] Scanning read.c.3429eb5e.trap (read.c.3429eb5e_0.trap.tar.br) (69 of 86)
[2022-10-02 17:27:58] Scanning libc-header-start.h.dc016fa5.trap (strcpy.c.5ca18ed0_0.trap.tar.br) (70 of 86)
[2022-10-02 17:27:58] Scanning stddef.h.4b4d5c3e.trap (strcpy.c.5ca18ed0_0.trap.tar.br) (71 of 86)
[2022-10-02 17:27:58] Scanning __locale_t.h.1d071eed.trap (strcpy.c.5ca18ed0_0.trap.tar.br) (72 of 86)
[2022-10-02 17:27:58] Scanning locale_t.h.102088b1.trap (strcpy.c.5ca18ed0_0.trap.tar.br) (73 of 86)
[2022-10-02 17:27:58] Scanning stddef.h.ffb5f936.trap (strcpy.c.5ca18ed0_0.trap.tar.br) (74 of 86)
[2022-10-02 17:27:58] Scanning strings.h.0757fdca.trap (strcpy.c.5ca18ed0_0.trap.tar.br) (75 of 86)
[2022-10-02 17:27:58] Scanning string.h.f430c9f6.trap (strcpy.c.5ca18ed0_0.trap.tar.br) (76 of 86)
[2022-10-02 17:27:58] Scanning strcpy.c.5ca18ed0.trap (strcpy.c.5ca18ed0_0.trap.tar.br) (77 of 86)
[2022-10-02 17:27:58] Scanning 833549_0.trap.br (78 of 86)
[2022-10-02 17:27:58] Scanning 62613821_0.trap.br (79 of 86)
[2022-10-02 17:27:58] Scanning 14674295_0.trap.br (80 of 86)
[2022-10-02 17:27:58] Scanning 24849915_0.trap.br (81 of 86)
[2022-10-02 17:27:58] Scanning fgets.exe.trap.br (82 of 86)
[2022-10-02 17:27:58] Scanning memcpy.exe.trap.br (83 of 86)
[2022-10-02 17:27:58] Scanning read.exe.trap.br (84 of 86)
[2022-10-02 17:27:58] Scanning strcpy.exe.trap.br (85 of 86)
[2022-10-02 17:27:58] Scanning sourceLocationPrefix.trap.gz (86 of 86)
[2022-10-02 17:27:58] Assembling fgets.exe.link with 60 files (1 of 5)
[2022-10-02 17:27:58] Assembling memcpy.exe.link with 67 files (2 of 5)
[2022-10-02 17:27:58] Assembling read.exe.link with 36 files (3 of 5)
[2022-10-02 17:27:58] Assembling strcpy.exe.link with 67 files (4 of 5)
[2022-10-02 17:27:58] Assembling no link target with 2 files (5 of 5)
[2022-10-02 17:27:59] Importing cpp_predefined.acb19af8.trap (fgets.c.a337b8af_0.trap.tar.br) for no link target (1 of 86)
[2022-10-02 17:27:59] Importing wordsize.h.0a5d81b3.trap (fgets.c.a337b8af_0.trap.tar.br) for 4 link targets (2 of 86)
[2022-10-02 17:27:59] Importing timesize.h.78ece2f3.trap (fgets.c.a337b8af_0.trap.tar.br) for 4 link targets (3 of 86)
[2022-10-02 17:27:59] Importing features-time64.h.eb8654d3.trap (fgets.c.a337b8af_0.trap.tar.br) for 4 link targets (4 of 86)
[2022-10-02 17:27:59] Importing stdc-predef.h.3efb7735.trap (fgets.c.a337b8af_0.trap.tar.br) for 4 link targets (5 of 86)
[2022-10-02 17:27:59] Importing long-double.h.c86d65af.trap (fgets.c.a337b8af_0.trap.tar.br) for 4 link targets (6 of 86)
[2022-10-02 17:27:59] Importing cdefs.h.850eb89d.trap (fgets.c.a337b8af_0.trap.tar.br) for 4 link targets (7 of 86)
[2022-10-02 17:27:59] Importing stubs-64.h.3efb7735.trap (fgets.c.a337b8af_0.trap.tar.br) for 4 link targets (8 of 86)
[2022-10-02 17:27:59] Importing stubs.h.d28181f8.trap (fgets.c.a337b8af_0.trap.tar.br) for 4 link targets (9 of 86)
[2022-10-02 17:27:59] Importing features.h.458fe91b.trap (fgets.c.a337b8af_0.trap.tar.br) for 4 link targets (10 of 86)
[2022-10-02 17:27:59] Importing libc-header-start.h.cc896cb0.trap (fgets.c.a337b8af_0.trap.tar.br) for 4 link targets (11 of 86)
[2022-10-02 17:27:59] Importing stddef.h.70326e3e.trap (fgets.c.a337b8af_0.trap.tar.br) for 4 link targets (12 of 86)
[2022-10-02 17:27:59] Importing stdarg.h.d060dbdc.trap (fgets.c.a337b8af_0.trap.tar.br) for 4 link targets (13 of 86)
[2022-10-02 17:27:59] Importing typesizes.h.710fd7d4.trap (fgets.c.a337b8af_0.trap.tar.br) for 4 link targets (14 of 86)
[2022-10-02 17:27:59] Importing time64.h.90f79421.trap (fgets.c.a337b8af_0.trap.tar.br) for 4 link targets (15 of 86)
[2022-10-02 17:27:59] Importing types.h.69f94cfe.trap (fgets.c.a337b8af_0.trap.tar.br) for 4 link targets (16 of 86)
[2022-10-02 17:27:59] Importing __mbstate_t.h.ce8652d1.trap (fgets.c.a337b8af_0.trap.tar.br) for 4 link targets (17 of 86)
[2022-10-02 17:27:59] Importing __fpos_t.h.cb3e0523.trap (fgets.c.a337b8af_0.trap.tar.br) for 4 link targets (18 of 86)
[2022-10-02 17:27:59] Importing __fpos64_t.h.c87d7bdd.trap (fgets.c.a337b8af_0.trap.tar.br) for 4 link targets (19 of 86)
[2022-10-02 17:27:59] Importing __FILE.h.916d4b36.trap (fgets.c.a337b8af_0.trap.tar.br) for 4 link targets (20 of 86)
[2022-10-02 17:27:59] Importing FILE.h.ab31225d.trap (fgets.c.a337b8af_0.trap.tar.br) for 4 link targets (21 of 86)
[2022-10-02 17:27:59] Importing struct_FILE.h.3b259277.trap (fgets.c.a337b8af_0.trap.tar.br) for 4 link targets (22 of 86)
[2022-10-02 17:27:59] Importing stdio_lim.h.13612fda.trap (fgets.c.a337b8af_0.trap.tar.br) for 4 link targets (23 of 86)
[2022-10-02 17:27:59] Importing floatn-common.h.96e47938.trap (fgets.c.a337b8af_0.trap.tar.br) for 4 link targets (24 of 86)
[2022-10-02 17:27:59] Importing floatn.h.f7d2b38f.trap (fgets.c.a337b8af_0.trap.tar.br) for 4 link targets (25 of 86)
[2022-10-02 17:27:59] Importing stdio.h.d6cd1384.trap (fgets.c.a337b8af_0.trap.tar.br) for 4 link targets (26 of 86)
[2022-10-02 17:27:59] Importing libc-header-start.h.e0bbe926.trap (fgets.c.a337b8af_0.trap.tar.br) for 3 link targets (27 of 86)
[2022-10-02 17:27:59] Importing stddef.h.1a772e84.trap (fgets.c.a337b8af_0.trap.tar.br) for 3 link targets (28 of 86)
[2022-10-02 17:27:59] Importing waitflags.h.1b48d6ee.trap (fgets.c.a337b8af_0.trap.tar.br) for 3 link targets (29 of 86)
[2022-10-02 17:27:59] Importing waitstatus.h.139f2cad.trap (fgets.c.a337b8af_0.trap.tar.br) for 3 link targets (30 of 86)
[2022-10-02 17:27:59] Importing clock_t.h.d57b4bd7.trap (fgets.c.a337b8af_0.trap.tar.br) for 3 link targets (31 of 86)
[2022-10-02 17:27:59] Importing clockid_t.h.4f4e2e61.trap (fgets.c.a337b8af_0.trap.tar.br) for 3 link targets (32 of 86)
[2022-10-02 17:27:59] Importing time_t.h.f53f57c9.trap (fgets.c.a337b8af_0.trap.tar.br) for 3 link targets (33 of 86)
[2022-10-02 17:27:59] Importing timer_t.h.39506049.trap (fgets.c.a337b8af_0.trap.tar.br) for 3 link targets (34 of 86)
[2022-10-02 17:27:59] Importing stddef.h.cc90f6ca.trap (fgets.c.a337b8af_0.trap.tar.br) for 3 link targets (35 of 86)
[2022-10-02 17:27:59] Importing stdint-intn.h.3a2bc0a5.trap (fgets.c.a337b8af_0.trap.tar.br) for 3 link targets (36 of 86)
[2022-10-02 17:27:59] Importing endianness.h.91b0a2c0.trap (fgets.c.a337b8af_0.trap.tar.br) for 3 link targets (37 of 86)
[2022-10-02 17:27:59] Importing endian.h.197889e3.trap (fgets.c.a337b8af_0.trap.tar.br) for 3 link targets (38 of 86)
[2022-10-02 17:27:59] Importing byteswap.h.112b2e56.trap (fgets.c.a337b8af_0.trap.tar.br) for 3 link targets (39 of 86)
[2022-10-02 17:27:59] Importing uintn-identity.h.bf65810a.trap (fgets.c.a337b8af_0.trap.tar.br) for 3 link targets (40 of 86)
[2022-10-02 17:27:59] Importing endian.h.489873db.trap (fgets.c.a337b8af_0.trap.tar.br) for 3 link targets (41 of 86)
[2022-10-02 17:27:59] Importing select.h.11da5468.trap (fgets.c.a337b8af_0.trap.tar.br) for 3 link targets (42 of 86)
[2022-10-02 17:27:59] Importing __sigset_t.h.58b82540.trap (fgets.c.a337b8af_0.trap.tar.br) for 3 link targets (43 of 86)
[2022-10-02 17:27:59] Importing sigset_t.h.f286b014.trap (fgets.c.a337b8af_0.trap.tar.br) for 3 link targets (44 of 86)
[2022-10-02 17:27:59] Importing struct_timeval.h.2fb39bfe.trap (fgets.c.a337b8af_0.trap.tar.br) for 3 link targets (45 of 86)
[2022-10-02 17:27:59] Importing struct_timespec.h.c0002776.trap (fgets.c.a337b8af_0.trap.tar.br) for 3 link targets (46 of 86)
[2022-10-02 17:27:59] Importing select.h.93647398.trap (fgets.c.a337b8af_0.trap.tar.br) for 3 link targets (47 of 86)
[2022-10-02 17:27:59] Importing pthreadtypes-arch.h.47e558dd.trap (fgets.c.a337b8af_0.trap.tar.br) for 3 link targets (48 of 86)
[2022-10-02 17:27:59] Importing atomic_wide_counter.h.dfdb9965.trap (fgets.c.a337b8af_0.trap.tar.br) for 3 link targets (49 of 86)
[2022-10-02 17:27:59] Importing struct_mutex.h.bdae4b9a.trap (fgets.c.a337b8af_0.trap.tar.br) for 3 link targets (50 of 86)
[2022-10-02 17:27:59] Importing struct_rwlock.h.5550c404.trap (fgets.c.a337b8af_0.trap.tar.br) for 3 link targets (51 of 86)
[2022-10-02 17:27:59] Importing thread-shared-types.h.d0536326.trap (fgets.c.a337b8af_0.trap.tar.br) for 3 link targets (52 of 86)
[2022-10-02 17:27:59] Importing pthreadtypes.h.a8b3fea0.trap (fgets.c.a337b8af_0.trap.tar.br) for 3 link targets (53 of 86)
[2022-10-02 17:27:59] Importing types.h.0beb36df.trap (fgets.c.a337b8af_0.trap.tar.br) for 3 link targets (54 of 86)
[2022-10-02 17:27:59] Importing stddef.h.98fed657.trap (fgets.c.a337b8af_0.trap.tar.br) for 3 link targets (55 of 86)
[2022-10-02 17:27:59] Importing alloca.h.48011224.trap (fgets.c.a337b8af_0.trap.tar.br) for 3 link targets (56 of 86)
[2022-10-02 17:27:59] Importing stdlib-float.h.dddd8e34.trap (fgets.c.a337b8af_0.trap.tar.br) for 3 link targets (57 of 86)
[2022-10-02 17:27:59] Importing stdlib.h.a1099a6f.trap (fgets.c.a337b8af_0.trap.tar.br) for 3 link targets (58 of 86)
[2022-10-02 17:27:59] Importing fgets.c.a337b8af.trap (fgets.c.a337b8af_0.trap.tar.br) for fgets.exe.link (59 of 86)
[2022-10-02 17:27:59] Importing memcpy.c.1926d281.trap (memcpy.c.1926d281_0.trap.tar.br) for memcpy.exe.link (60 of 86)
[2022-10-02 17:27:59] Importing posix_opt.h.654dbadc.trap (read.c.3429eb5e_0.trap.tar.br) for read.exe.link (61 of 86)
[2022-10-02 17:27:59] Importing environments.h.aa8f16d7.trap (read.c.3429eb5e_0.trap.tar.br) for read.exe.link (62 of 86)
[2022-10-02 17:27:59] Importing stddef.h.34e4296c.trap (read.c.3429eb5e_0.trap.tar.br) for read.exe.link (63 of 86)
[2022-10-02 17:27:59] Importing confname.h.2d59853b.trap (read.c.3429eb5e_0.trap.tar.br) for read.exe.link (64 of 86)
[2022-10-02 17:27:59] Importing getopt_core.h.c6e43d85.trap (read.c.3429eb5e_0.trap.tar.br) for read.exe.link (65 of 86)
[2022-10-02 17:27:59] Importing getopt_posix.h.1649395c.trap (read.c.3429eb5e_0.trap.tar.br) for read.exe.link (66 of 86)
[2022-10-02 17:27:59] Importing unistd_ext.h.d7e24265.trap (read.c.3429eb5e_0.trap.tar.br) for read.exe.link (67 of 86)
[2022-10-02 17:27:59] Importing unistd.h.4246a2d4.trap (read.c.3429eb5e_0.trap.tar.br) for read.exe.link (68 of 86)
[2022-10-02 17:27:59] Importing read.c.3429eb5e.trap (read.c.3429eb5e_0.trap.tar.br) for read.exe.link (69 of 86)
[2022-10-02 17:27:59] Importing libc-header-start.h.dc016fa5.trap (strcpy.c.5ca18ed0_0.trap.tar.br) for 2 link targets (70 of 86)
[2022-10-02 17:27:59] Importing stddef.h.4b4d5c3e.trap (strcpy.c.5ca18ed0_0.trap.tar.br) for 2 link targets (71 of 86)
[2022-10-02 17:27:59] Importing __locale_t.h.1d071eed.trap (strcpy.c.5ca18ed0_0.trap.tar.br) for 2 link targets (72 of 86)
[2022-10-02 17:27:59] Importing locale_t.h.102088b1.trap (strcpy.c.5ca18ed0_0.trap.tar.br) for 2 link targets (73 of 86)
[2022-10-02 17:27:59] Importing stddef.h.ffb5f936.trap (strcpy.c.5ca18ed0_0.trap.tar.br) for 2 link targets (74 of 86)
[2022-10-02 17:27:59] Importing strings.h.0757fdca.trap (strcpy.c.5ca18ed0_0.trap.tar.br) for 2 link targets (75 of 86)
[2022-10-02 17:27:59] Importing string.h.f430c9f6.trap (strcpy.c.5ca18ed0_0.trap.tar.br) for 2 link targets (76 of 86)
[2022-10-02 17:27:59] Importing strcpy.c.5ca18ed0.trap (strcpy.c.5ca18ed0_0.trap.tar.br) for strcpy.exe.link (77 of 86)
[2022-10-02 17:27:59] Importing 833549_0.trap.br for fgets.exe.link (78 of 86)
[2022-10-02 17:27:59] Importing 62613821_0.trap.br for strcpy.exe.link (79 of 86)
[2022-10-02 17:27:59] Importing 14674295_0.trap.br for read.exe.link (80 of 86)
[2022-10-02 17:27:59] Importing 24849915_0.trap.br for memcpy.exe.link (81 of 86)
[2022-10-02 17:27:59] Importing fgets.exe.trap.br for fgets.exe.link (82 of 86)
[2022-10-02 17:27:59] Importing memcpy.exe.trap.br for memcpy.exe.link (83 of 86)
[2022-10-02 17:27:59] Importing read.exe.trap.br for read.exe.link (84 of 86)
[2022-10-02 17:27:59] Importing strcpy.exe.trap.br for strcpy.exe.link (85 of 86)
[2022-10-02 17:27:59] Importing sourceLocationPrefix.trap.gz for no link target (86 of 86)
[2022-10-02 17:27:59] Merging 1 fragment for builtintypes.
[2022-10-02 17:27:59] Merging 1 fragment for unspecifiedtype.
[2022-10-02 17:27:59] Merging 1 fragment for files.
[2022-10-02 17:27:59] Merging 1 fragment for locations_default.
[2022-10-02 17:27:59] Merging 1 fragment for link_targets.
[2022-10-02 17:27:59] Merging 1 fragment for locations_stmt.
[2022-10-02 17:27:59] Merging 1 fragment for locations_expr.
[2022-10-02 17:27:59] Merging 1 fragment for usertypes.
[2022-10-02 17:27:59] Merging 1 fragment for link_parent.
[2022-10-02 17:27:59] Merging 1 fragment for usertypesize.
[2022-10-02 17:27:59] Merging 1 fragment for is_pod_class.
[2022-10-02 17:27:59] Merging 1 fragment for is_standard_layout_class.
[2022-10-02 17:27:59] Merging 1 fragment for is_complete.
[2022-10-02 17:27:59] Merging 1 fragment for membervariables.
[2022-10-02 17:27:59] Merging 1 fragment for fieldoffsets.
[2022-10-02 17:27:59] Merging 1 fragment for var_decls.
[2022-10-02 17:27:59] Merging 1 fragment for var_def.
[2022-10-02 17:27:59] Merging 1 fragment for derivedtypes.
[2022-10-02 17:27:59] Merging 1 fragment for pointerishsize.
[2022-10-02 17:27:59] Merging 1 fragment for member.
[2022-10-02 17:27:59] Merging 1 fragment for namespaces.
[2022-10-02 17:27:59] Merging 1 fragment for specialnamequalifyingelements.
[2022-10-02 17:27:59] Merging 1 fragment for mangled_name.
[2022-10-02 17:27:59] Merging 1 fragment for specifiers.
[2022-10-02 17:27:59] Merging 1 fragment for numlines.
[2022-10-02 17:27:59] Merging 1 fragment for preprocdirects.
[2022-10-02 17:27:59] Merging 1 fragment for preproctext.
[2022-10-02 17:27:59] Merging 1 fragment for preproctrue.
[2022-10-02 17:27:59] Merging 1 fragment for macroinvocations.
[2022-10-02 17:27:59] Merging 1 fragment for comments.
[2022-10-02 17:27:59] Merging 1 fragment for commentbinding.
[2022-10-02 17:27:59] Merging 1 fragment for containerparent.
[2022-10-02 17:27:59] Merging 1 fragment for folders.
[2022-10-02 17:27:59] Merging 1 fragment for preprocpair.
[2022-10-02 17:27:59] Merging 1 fragment for includes.
[2022-10-02 17:27:59] Merging 1 fragment for preprocfalse.
[2022-10-02 17:27:59] Merging 1 fragment for macro_argument_unexpanded.
[2022-10-02 17:27:59] Merging 1 fragment for macro_argument_expanded.
[2022-10-02 17:27:59] Merging 1 fragment for macroparent.
[2022-10-02 17:27:59] Merging 1 fragment for typedefbase.
[2022-10-02 17:27:59] Merging 1 fragment for type_decls.
[2022-10-02 17:27:59] Merging 1 fragment for type_decl_top.
[2022-10-02 17:27:59] Merging 1 fragment for arraysizes.
[2022-10-02 17:27:59] Merging 1 fragment for type_mentions.
[2022-10-02 17:27:59] Merging 1 fragment for type_def.
[2022-10-02 17:27:59] Merging 1 fragment for values.
[2022-10-02 17:27:59] Merging 1 fragment for exprs.
[2022-10-02 17:27:59] Merging 1 fragment for expr_types.
[2022-10-02 17:27:59] Merging 1 fragment for valuebind.
[2022-10-02 17:27:59] Merging 1 fragment for inmacroexpansion.
[2022-10-02 17:27:59] Merging 1 fragment for macrolocationbind.
[2022-10-02 17:27:59] Merging 1 fragment for varspecifiers.
[2022-10-02 17:27:59] Merging 1 fragment for valuetext.
[2022-10-02 17:27:59] Merging 1 fragment for compgenerated.
[2022-10-02 17:27:59] Merging 1 fragment for sizeof_bind.
[2022-10-02 17:27:59] Merging 1 fragment for exprconv.
[2022-10-02 17:27:59] Merging 1 fragment for conversionkinds.
[2022-10-02 17:27:59] Merging 1 fragment for exprparents.
[2022-10-02 17:27:59] Merging 1 fragment for functions.
[2022-10-02 17:27:59] Merging 1 fragment for function_return_type.
[2022-10-02 17:27:59] Merging 1 fragment for params.
[2022-10-02 17:27:59] Merging 1 fragment for globalvariables.
[2022-10-02 17:27:59] Merging 1 fragment for fun_decls.
[2022-10-02 17:27:59] Merging 1 fragment for fun_decl_specifiers.
[2022-10-02 17:27:59] Merging 1 fragment for param_decl_bind.
[2022-10-02 17:27:59] Merging 1 fragment for attributes.
[2022-10-02 17:27:59] Merging 1 fragment for funcattributes.
[2022-10-02 17:27:59] Merging 1 fragment for attribute_arg_value.
[2022-10-02 17:27:59] Merging 1 fragment for attribute_args.
[2022-10-02 17:27:59] Merging 1 fragment for attribute_arg_constant.
[2022-10-02 17:27:59] Merging 1 fragment for var_decl_specifiers.
[2022-10-02 17:27:59] Merging 1 fragment for funspecifiers.
[2022-10-02 17:27:59] Merging 1 fragment for typespecifiers.
[2022-10-02 17:27:59] Merging 1 fragment for fun_def.
[2022-10-02 17:27:59] Merging 1 fragment for stmts.
[2022-10-02 17:27:59] Merging 1 fragment for routinetypes.
[2022-10-02 17:27:59] Merging 1 fragment for routinetypeargs.
[2022-10-02 17:27:59] Merging 1 fragment for funbind.
[2022-10-02 17:27:59] Merging 1 fragment for expr_isload.
[2022-10-02 17:27:59] Merging 1 fragment for affectedbymacroexpansion.
[2022-10-02 17:27:59] Merging 1 fragment for stmtparents.
[2022-10-02 17:27:59] Merging 1 fragment for blockscope.
[2022-10-02 17:27:59] Merging 1 fragment for function_entry_point.
[2022-10-02 17:27:59] Merging 1 fragment for iscall.
[2022-10-02 17:27:59] Merging 1 fragment for varbind.
[2022-10-02 17:27:59] Merging 1 fragment for typeattributes.
[2022-10-02 17:27:59] Merging 1 fragment for fileannotations.
[2022-10-02 17:27:59] Merging 1 fragment for localvariables.
[2022-10-02 17:27:59] Merging 1 fragment for stmt_decl_bind.
[2022-10-02 17:27:59] Merging 1 fragment for stmt_decl_entry_bind.
[2022-10-02 17:27:59] Merging 1 fragment for if_then.
[2022-10-02 17:27:59] Merging 1 fragment for expr_ancestor.
[2022-10-02 17:27:59] Merging 1 fragment for initialisers.
[2022-10-02 17:27:59] Merging 1 fragment for enumconstants.
[2022-10-02 17:27:59] Merging 1 fragment for fun_implicit.
[2022-10-02 17:27:59] Merging 1 fragment for compilations.
[2022-10-02 17:27:59] Merging 1 fragment for compilation_args.
[2022-10-02 17:27:59] Merging 1 fragment for compilation_compiling_files.
[2022-10-02 17:27:59] Merging 1 fragment for compilation_time.
[2022-10-02 17:27:59] Merging 1 fragment for compilation_finished.
[2022-10-02 17:27:59] Merging 1 fragment for sourceLocationPrefix.
[2022-10-02 17:27:59] Saving string and id pools to disk.
[2022-10-02 17:27:59] Finished importing trap files.
[2022-10-02 17:27:59] Pausing evaluation to close the cache at sequence stamp o+3
[2022-10-02 17:27:59] The disk cache is freshly trimmed; leave it be.
[2022-10-02 17:27:59] Unpausing evaluation
[2022-10-02 17:27:59] Plumbing command codeql dataset import completed.
[2022-10-02 17:27:59] [PROGRESS] database finalize> TRAP import complete (1.3s).
[2022-10-02 17:27:59] Running plumbing command: codeql database cleanup --mode=normal -- /home/pingjui/CodeQLPlayground/mydb
[2022-10-02 17:27:59] [PROGRESS] database cleanup> Cleaning up existing TRAP files after import...
[2022-10-02 17:27:59] [PROGRESS] database cleanup> TRAP files cleaned up (4ms).
[2022-10-02 17:27:59] [PROGRESS] database cleanup> Cleaning up scratch directory...
[2022-10-02 17:27:59] [PROGRESS] database cleanup> Scratch directory cleaned up (5ms).
[2022-10-02 17:27:59] Running plumbing command: codeql dataset cleanup --mode=normal -- /home/pingjui/CodeQLPlayground/mydb/db-cpp
[2022-10-02 17:27:59] [PROGRESS] dataset cleanup> Cleaning up dataset in /home/pingjui/CodeQLPlayground/mydb/db-cpp.
[2022-10-02 17:27:59] Trimming disk cache at /home/pingjui/CodeQLPlayground/mydb/db-cpp/default/cache in mode normal.
[2022-10-02 17:27:59] Sequence stamp origin is -6403809639199367209
[2022-10-02 17:27:59] Pausing evaluation to zealously trim disk at sequence stamp o+0
[2022-10-02 17:27:59] Unpausing evaluation
[2022-10-02 17:27:59] Trimming completed (1ms): Trimmed disposable data from cache.
[2022-10-02 17:27:59] Pausing evaluation to close the cache at sequence stamp o+1
[2022-10-02 17:27:59] The disk cache is freshly trimmed; leave it be.
[2022-10-02 17:27:59] Unpausing evaluation
[2022-10-02 17:27:59] [PROGRESS] dataset cleanup> Trimmed disposable data from cache.
[2022-10-02 17:27:59] [PROGRESS] dataset cleanup> Finalizing dataset in /home/pingjui/CodeQLPlayground/mydb/db-cpp
[2022-10-02 17:27:59] [DETAILS] dataset cleanup> Finished deleting ID pool from /home/pingjui/CodeQLPlayground/mydb/db-cpp (2ms).
[2022-10-02 17:27:59] Plumbing command codeql dataset cleanup completed.
[2022-10-02 17:27:59] Plumbing command codeql database cleanup completed with status 0.
[2022-10-02 17:27:59] Plumbing command codeql database finalize completed.
[2022-10-02 17:27:59] [PROGRESS] database create> Successfully created database at /home/pingjui/CodeQLPlayground/mydb.
[2022-10-02 17:27:59] Terminating normally.
